<?xml version="1.0" encoding="utf-8"?><testsuite errors="0" failures="0" name="pytest" skips="0" tests="6" time="21.194"><testcase classname="tests.test_app.TestRegisterPublisher" name="test_broken_connection" time="0.18961620330810547"/><testcase classname="tests.test_app.TestRegisterPublisher" name="test_end_to_end" time="1.1906402111053467"/><testcase classname="tests.test_app.TestRegisterPublisher" name="test_incoming_queue" time="0.14982318878173828"/><testcase classname="tests.test_app.TestRegisterPublisher" name="test_multiple_end_to_end" time="13.942986488342285"/><testcase classname="tests.test_app.TestRegisterPublisher" name="test_stored_incoming_message" time="0.2057807445526123"/><testcase classname="tests.test_app.TestRegisterPublisher" name="test_stored_outgoing_message" time="5.170481204986572"/></testsuite>