<?xml version="1.0" encoding="utf-8"?><testsuite errors="1" failures="0" name="pytest" skips="0" tests="0" time="0.403"><testcase classname="" name="tests.test_app" time="0"><error message="collection failure">/usr/lib/python2.7/site-packages/_pytest/python.py:463: in _importtestmodule
    mod = self.fspath.pyimport(ensuresyspath=True)
/usr/lib/python2.7/site-packages/py/_path/local.py:641: in pyimport
    __import__(modname)
/usr/lib/python2.7/site-packages/_pytest/assertion/rewrite.py:159: in load_module
    py.builtin.exec_(co, mod.__dict__)
tests/test_app.py:6: in &lt;module&gt;
    from application import server
application/server.py:31: in &lt;module&gt;
    app.config.from_object(os.getenv(&apos;SETTINGS&apos;, &quot;config.DevelopmentConfig&quot;))
/usr/lib/python2.7/site-packages/flask/config.py:162: in from_object
    obj = import_string(obj)
/usr/lib/python2.7/site-packages/werkzeug/utils.py:414: in import_string
    return getattr(__import__(module, None, None, [obj]), obj)
E     File &quot;/home/vagrant/srv/register-publisher/config.py&quot;, line 11
E       &lt;&lt;&lt;&lt;&lt;&lt;&lt; HEAD
E        ^
E   SyntaxError: invalid syntax</error></testcase></testsuite>